<?xml version="1.0" encoding="UTF-8" ?>
<testsuite tests="4" failures="0" name="tests.TestGeneral" time="0.726" errors="0" skipped="0">
  <properties>
[...]
</properties>
  <testcase classname="tests.TestGeneral" name="verificarCargaCursosEstudiantes" time="0.569"/>
  <testcase classname="tests.TestGeneral" name="verificarCargaEstudiantes" time="0.044"/>
  <testcase classname="tests.TestGeneral" name="verificarConexion" time="0.033"/>
  <testcase classname="tests.TestGeneral" name="verificarInsercionEstudiante" time="0.08"/>
</testsuite>