<?xml version="1.0" encoding="UTF-8"?>
<!-- Generated by org.testng.reporters.JUnitXMLReporter -->
<testsuite ignored="0" hostname="Juanfer-Oslez" failures="0" tests="4" name="Command line test" time="0.878" errors="0" timestamp="2021-10-05T07:11:42 COT">
  <testcase classname="tests.TestGeneral" name="verificarCargaCursosEstudiantes" time="0.628"/>
  <testcase classname="tests.TestGeneral" name="verificarCargaEstudiantes" time="0.056"/>
  <testcase classname="tests.TestGeneral" name="verificarConexion" time="0.043"/>
  <testcase classname="tests.TestGeneral" name="verificarInsercionEstudiante" time="0.107"/>
</testsuite> <!-- Command line test -->
