<?xml version="1.0" encoding="UTF-8"?>
<!-- Generated by org.testng.reporters.JUnitXMLReporter -->
<testsuite ignored="0" hostname="Juanfer-Oslez" failures="0" tests="4" name="Command line test" time="0.681" errors="0" timestamp="2021-10-03T00:29:26 COT">
  <testcase classname="tests.TestGeneral" name="verificarCargaCursosEstudiantes" time="0.483"/>
  <testcase classname="tests.TestGeneral" name="verificarCargaEstudiantes" time="0.034"/>
  <testcase classname="tests.TestGeneral" name="verificarConexion" time="0.029"/>
  <testcase classname="tests.TestGeneral" name="verificarInsercionEstudiante" time="0.101"/>
</testsuite> <!-- Command line test -->
